<?xml version="1.0" encoding="UTF-8"?>
<!-- Generated by org.testng.reporters.JUnitReportReporter -->
<testsuite hostname="DESKTOP-I67EOTR" failures="0" tests="1" name="api.VeryfyResponse" time="4.282" errors="0" timestamp="23 Apr 2019 02:02:22 GMT" skipped="0">
  <testcase classname="api.VeryfyResponse" name="varifiyingBodyTextHarerKey" time="4.282"/>
</testsuite> <!-- api.VeryfyResponse -->
