<?xml version="1.0" encoding="UTF-8"?>
<!-- Generated by org.testng.reporters.JUnitReportReporter -->
<testsuite hostname="DESKTOP-I67EOTR" failures="0" tests="2" name="api.TestClass" time="3.488" errors="0" timestamp="21 Apr 2019 16:35:36 GMT" skipped="0">
  <testcase classname="api.TestClass" name="testBody" time="2.700"/>
  <testcase classname="api.TestClass" name="testapi" time="0.788"/>
</testsuite> <!-- api.TestClass -->
