<?xml version="1.0" encoding="UTF-8"?>
<!-- Generated by org.testng.reporters.JUnitReportReporter -->
<testsuite hostname="DESKTOP-I67EOTR" failures="0" tests="5" name="api.ApiXmlFormat" time="5.456" errors="0" timestamp="20 May 2019 02:44:56 GMT" skipped="0">
  <testcase classname="api.ApiXmlFormat" name="deleteAuser" time="0.444"/>
  <testcase classname="api.ApiXmlFormat" name="StatusBodyHeaderTest" time="1.597"/>
  <testcase classname="api.ApiXmlFormat" name="PutUpdate" time="2.805"/>
  <testcase classname="api.ApiXmlFormat" name="postUser" time="0.266"/>
  <testcase classname="api.ApiXmlFormat" name="loginForValidate" time="0.344"/>
</testsuite> <!-- api.ApiXmlFormat -->
